    e7f <@'D4 'C4$'B4
   5fd0 MSVC0000S3
   5fdb SBT_YYMMDD00284712000
   8c40 unknown compression method
   8c5c invalid window size
   8c70 invalid reserved bit
   8c88 incorrect header check
   8ca0 invalid block type
   8cb4 invalid stored block lengths
   8cd4 too many length or distance symbols
   8cf8 oversubscribed dynamic bit lengths tree
   8d20 incomplete dynamic bit lengths tree
   8d44 invalid bit length repeat
   8d60 oversubscribed literal/length tree
   8d84 incomplete literal/length tree
   8da4 invalid distance code
   8dbc invalid literal/length code
   8dd8 incorrect data check
   8df8 stream end
   8e04 file error
   8e10 stream error
   8e20 data error
   8e2c insufficient memory
   8e40 buffer error
  20c78 .|/=p<>mzjh
  22672 IDLsG;dWO]
  285c8 "'{|h5_Mb?8>
  308af U35{_a<nayW
  43b94 :m5(Os|PaqT
  47186 if^Xj,$}WBx
  5e31d X<zp2>~hbjLMC
  648d7 i]ec[kIc[iec
  72aea QWztpztHzthz
  8a59f aX"Nc,*]-%P
  8d55f \}wlaSk,	>{@
  91dc4 D^a(?u9~"I
  91f40 &aN)9s0Cft
  95df6  GpaPbS=6O
  a1fee >;cvPN\/EI
  a23db RqAN.gh2]_
  a2441 )Xhhcdgk[Q
  ab0b1 7FQ*y{AY4qx
  ac8bc Bha6<:vB`}
  ae686 y}'>CmJ@!Q
  b4f26 f'RK0CDc;Qq
  b8581 MQz.#/N[u4
  b8ced ~~w12xk<|h_
  c3641 ,8^BBFD4vd
  c47b6 Yj.*)HeZ#R
  c7107 DhM(N'_C9tg
  c7e49 j}}fu?,+ab
  c8acb q]'Z,F S&~
  cff9b  PN$Y"gY%m
  d09f7 %!$8io?XpU
  e7be0 57)yeR7[qMv
  e7f2e U)O{/S(5(@
  e84a1 6>7+vF;kV1}
  eb263 Wxlj&s]6TW
  f2e09 f}8)SF_ea\42a
  f782e $rB*VLX%;~
  fe888 "r 8Fb_k5[%g
 105b8c F(|qjEjs4l
 10b4ff 6?\fTiq|![
 10e6d3 x*z/R:byU2M
 1150ba _K!#fKSWVP
 115a23 hr0}$,Wv8!"
 12642f V!+RIAw&UDWq;
 1298f2 ?c IZ'n]c,p
 141d1b oxi>^Eq%  
 15091d CW"OO",kB_M
 157a66 2drM9.XRe(
 157f02 [%G`-gIYCj
 15f99e KfIA?*L)!y
 167147 KsO&5w|ZJp
 168bce m*CLc#T_t[
 16ca64 4/4t*ocSXrP
 170504 Is<)>W:x,s
 171a40 hOR"fn":>b
 1788d0 S<HS(xejU&
 178978 Faj<5#36"pQ
 17ebf5 gZS)3HrJ8m
 17f51d V*_bZF_.7N9Z5E
 1862db P11\2d9*;5hw
 186494 vw\d#mrnw3bcQ
 18dcde )Fcd@CmWN? e
 19805e a3_M3K4:-G
 1986be xWddfcvMw8
 199e6a :JJ^zOnaC@
 1a887e R,22b$:poU$
 1a8bcf wM f .\]hE
 1a9b90 :xaaUP~oT#+_sC
 1b4948 C3&I*=b%{z
 1c7801 t$p}H[8'uq
 1db8e4 mC'Iz<xq0*
 1deb9d 1zjoMY:U#	Vg(=u%F
 1dffb1 $<GRek{Q?0
 1e11d1 WypsR=/["VH
 1e8fa9 @fxC;>v #,
 1ef748 9"JY$`Hxc${uoH
 1f3539 ^co?t,:a@gY
 1f56e0 ~/5@|Ylq5$
 1ff36f 2M|l-lB_	3
 1ff4a6 GJ)@@aEcPK
 207ae1 +_#*Ym"Muw7
 21d5fc >C']mG^=t(
 22ac89 }K[#e}O.'K
 22cf6d yL;`=;X2(yS{
 23fde8 ;3Z? #qm3=
 2467bc /NX_AHe3/a
 2579b8 jVNf'9`qMG
 2721d8 @/z#%)hBi(
 272595 4${r)3F E^
 27391e y$xOBt{hv$
 275b5e 5si8mQHoNU
 277ce6 	ixq@dyAc`S
 27a010 9Zv_'4aq0>|E
 27a022 *.e:(W1=2R9
 281cdc UM_T0KGf` 
 28fad1 AS!zY>hBkNW
 298248 BNzS}40HG-u
 29e437 [ll%2^k$@C{
 2b143a k~ [ObXA?K
 2b204c u*b`K$"}1s
 2c10a4 z1CBgy1feB
 2c197c :	&DkJ.T9ZrOC
 2c5fdb  tx=753g3y7
 2c7674 rTc59iUyc\
 2cdeea QpGMvO_nLW
 2d25fe 9WGr'>[)^g
 2dcb10 T% =KSOX'^
 2df764 g6!wv<D|0@
 2e0388 @PcK>c$l3Do
 2e1722 LTsRMeQKPKo
 2e4647 voR^gd4Wt&
 2e4c98 h02z4j5WoG
 2e7f6c HpC 	;W+%d
 30c399 ;e5k/ K ")
 310285 ~tv<?v h+b
 31d728 %lfvKU(9O)~
 31fefe _se3x ^p|[
 33f12d ~>Eq]?x5us
 34902f /=W8ylhQC0
 34eba0 rvF{$gl[y-K
 350a43 1HrH+T}#[`
 350e08 Zeq{\_>`FCf|
 352155 OTU|9WxTzr
 35287d F?k8ojBk;&
 367f7f L}Q?Raatm>
 36840b Oz\%,E/Pbq7
 37118e GmNtLx?fRb
 373e4b >M\&j@j6Ao
 37765c V\6Dj=Ea.X
 388765 *6gW|L-nSL$I
 38b464 Xz	_<^wc*U
 39341e C#B7#/>xf%
 3934ea d_RNK2-`]@
 397269 G*I"xjhrRI
 3987c8 (lP3O.Zpo_
